[0.043s] Invoking command in '/home/suriya_prakash/task3_ws/build/submarine_interfaces': CMAKE_PREFIX_PATH=${CMAKE_PREFIX_PATH}:/home/suriya_prakash/task3_ws/install/submarine_pkg:/home/suriya_prakash/task3_ws/install/sub_logic:/home/suriya_prakash/task3_ws/install/chat_pkg:/home/suriya_prakash/chat_ws/install/task2:/home/suriya_prakash/chat_ws/install/chat_pkg:/opt/ros/humble /usr/bin/cmake /home/suriya_prakash/task3_ws/src/submarine_interfaces -DAMENT_CMAKE_SYMLINK_INSTALL=1 -DCMAKE_INSTALL_PREFIX=/home/suriya_prakash/task3_ws/install/submarine_interfaces
[0.712s] -- The C compiler identification is GNU 11.4.0
[3.181s] -- The CXX compiler identification is GNU 11.4.0
[5.745s] -- Detecting C compiler ABI info
[6.398s] -- Detecting C compiler ABI info - done
[6.418s] -- Check for working C compiler: /usr/bin/cc - skipped
[6.419s] -- Detecting C compile features
[6.421s] -- Detecting C compile features - done
[6.433s] -- Detecting CXX compiler ABI info
[7.438s] -- Detecting CXX compiler ABI info - done
[7.448s] -- Check for working CXX compiler: /usr/bin/c++ - skipped
[7.449s] -- Detecting CXX compile features
[7.450s] -- Detecting CXX compile features - done
[7.475s] -- Found ament_cmake: 1.3.14 (/opt/ros/humble/share/ament_cmake/cmake)
[7.765s] -- Found Python3: /usr/bin/python3 (found version "3.10.12") found components: Interpreter 
[7.987s] -- Override CMake install command with custom implementation using symlinks instead of copying resources
[8.122s] -- Found ament_lint_auto: 0.12.15 (/opt/ros/humble/share/ament_lint_auto/cmake)
[8.342s] -- Found rosidl_default_generators: 1.2.1 (/opt/ros/humble/share/rosidl_default_generators/cmake)
[8.370s] -- Using all available rosidl_typesupport_c: rosidl_typesupport_fastrtps_c;rosidl_typesupport_introspection_c
[8.400s] -- Found rosidl_adapter: 3.1.8 (/opt/ros/humble/share/rosidl_adapter/cmake)
[9.638s] -- Using all available rosidl_typesupport_cpp: rosidl_typesupport_fastrtps_cpp;rosidl_typesupport_introspection_cpp
[10.186s] -- Found ament_cmake_ros: 0.10.0 (/opt/ros/humble/share/ament_cmake_ros/cmake)
[10.668s] -- Using all available rosidl_typesupport_c: rosidl_typesupport_fastrtps_c;rosidl_typesupport_introspection_c
[11.187s] -- Using all available rosidl_typesupport_cpp: rosidl_typesupport_fastrtps_cpp;rosidl_typesupport_introspection_cpp
[12.078s] -- Found PythonInterp: /usr/bin/python3 (found suitable version "3.10.12", minimum required is "3.6") 
[12.083s] -- Found python_cmake_module: 0.10.0 (/opt/ros/humble/share/python_cmake_module/cmake)
[15.245s] -- Found PythonLibs: /usr/lib/x86_64-linux-gnu/libpython3.10.so (found suitable version "3.10.12", minimum required is "3.5") 
[15.245s] -- Using PYTHON_EXECUTABLE: /usr/bin/python3
[15.245s] -- Using PYTHON_INCLUDE_DIRS: /usr/include/python3.10
[15.245s] -- Using PYTHON_LIBRARIES: /usr/lib/x86_64-linux-gnu/libpython3.10.so
[15.279s] -- Found PythonExtra: .so  
[15.663s] -- Added test 'lint_cmake' to check CMake code style
[15.667s] -- Added test 'xmllint' to check XML markup files
[15.691s] -- Configuring done
[15.756s] -- Generating done
[15.771s] -- Build files have been written to: /home/suriya_prakash/task3_ws/build/submarine_interfaces
[15.780s] Invoked command in '/home/suriya_prakash/task3_ws/build/submarine_interfaces' returned '0': CMAKE_PREFIX_PATH=${CMAKE_PREFIX_PATH}:/home/suriya_prakash/task3_ws/install/submarine_pkg:/home/suriya_prakash/task3_ws/install/sub_logic:/home/suriya_prakash/task3_ws/install/chat_pkg:/home/suriya_prakash/chat_ws/install/task2:/home/suriya_prakash/chat_ws/install/chat_pkg:/opt/ros/humble /usr/bin/cmake /home/suriya_prakash/task3_ws/src/submarine_interfaces -DAMENT_CMAKE_SYMLINK_INSTALL=1 -DCMAKE_INSTALL_PREFIX=/home/suriya_prakash/task3_ws/install/submarine_interfaces
[15.783s] Invoking command in '/home/suriya_prakash/task3_ws/build/submarine_interfaces': CMAKE_PREFIX_PATH=${CMAKE_PREFIX_PATH}:/home/suriya_prakash/task3_ws/install/submarine_pkg:/home/suriya_prakash/task3_ws/install/sub_logic:/home/suriya_prakash/task3_ws/install/chat_pkg:/home/suriya_prakash/chat_ws/install/task2:/home/suriya_prakash/chat_ws/install/chat_pkg:/opt/ros/humble /usr/bin/cmake --build /home/suriya_prakash/task3_ws/build/submarine_interfaces -- -j12 -l12
[15.848s] [  3%] [34m[1mGenerating C code for ROS interfaces[0m
[15.865s] [  6%] [34m[1mGenerating C++ code for ROS interfaces[0m
[15.869s] [  9%] [34m[1mGenerating Rust code for ROS interfaces[0m
[15.879s] [  9%] Built target ament_cmake_python_symlink_submarine_interfaces
[16.260s] running egg_info
[16.261s] creating submarine_interfaces.egg-info
[16.262s] writing submarine_interfaces.egg-info/PKG-INFO
[16.262s] writing dependency_links to submarine_interfaces.egg-info/dependency_links.txt
[16.263s] writing top-level names to submarine_interfaces.egg-info/top_level.txt
[16.263s] writing manifest file 'submarine_interfaces.egg-info/SOURCES.txt'
[16.267s] reading manifest file 'submarine_interfaces.egg-info/SOURCES.txt'
[16.268s] writing manifest file 'submarine_interfaces.egg-info/SOURCES.txt'
[16.327s] [  9%] Built target ament_cmake_python_build_submarine_interfaces_egg
[16.340s] [  9%] Built target submarine_interfaces__rs
[16.351s] [  9%] Built target submarine_interfaces__cpp
[16.366s] [ 12%] [34m[1mGenerating C++ introspection for ROS interfaces[0m
[16.367s] [ 15%] [34m[1mGenerating C++ type support for eProsima Fast-RTPS[0m
[16.368s] [ 18%] [32mBuilding C object CMakeFiles/submarine_interfaces__rosidl_generator_c.dir/rosidl_generator_c/submarine_interfaces/msg/detail/submarine_state__functions.c.o[0m
[16.369s] [ 21%] [34m[1mGenerating C++ type support dispatch for ROS interfaces[0m
[16.521s] [ 25%] [32m[1mLinking C shared library libsubmarine_interfaces__rosidl_generator_c.so[0m
[16.764s] [ 28%] [32mBuilding CXX object CMakeFiles/submarine_interfaces__rosidl_typesupport_cpp.dir/rosidl_typesupport_cpp/submarine_interfaces/msg/submarine_state__type_support.cpp.o[0m
[16.800s] [ 31%] [32mBuilding CXX object CMakeFiles/submarine_interfaces__rosidl_typesupport_introspection_cpp.dir/rosidl_typesupport_introspection_cpp/submarine_interfaces/msg/detail/submarine_state__type_support.cpp.o[0m
[16.804s] [ 34%] [32mBuilding CXX object CMakeFiles/submarine_interfaces__rosidl_typesupport_fastrtps_cpp.dir/rosidl_typesupport_fastrtps_cpp/submarine_interfaces/msg/detail/dds_fastrtps/submarine_state__type_support.cpp.o[0m
[16.919s] [ 34%] Built target submarine_interfaces__rosidl_generator_c
[16.938s] [ 37%] [34m[1mGenerating C introspection for ROS interfaces[0m
[16.938s] [ 40%] [34m[1mGenerating C type support for eProsima Fast-RTPS[0m
[16.939s] [ 43%] [34m[1mGenerating C type support dispatch for ROS interfaces[0m
[17.406s] [ 46%] [32mBuilding CXX object CMakeFiles/submarine_interfaces__rosidl_typesupport_c.dir/rosidl_typesupport_c/submarine_interfaces/msg/submarine_state__type_support.cpp.o[0m
[17.419s] [ 50%] [32m[1mLinking CXX shared library libsubmarine_interfaces__rosidl_typesupport_cpp.so[0m
[17.446s] [ 53%] [32mBuilding CXX object CMakeFiles/submarine_interfaces__rosidl_typesupport_fastrtps_c.dir/rosidl_typesupport_fastrtps_c/submarine_interfaces/msg/detail/submarine_state__type_support_c.cpp.o[0m
[17.454s] [ 56%] [32mBuilding C object CMakeFiles/submarine_interfaces__rosidl_typesupport_introspection_c.dir/rosidl_typesupport_introspection_c/submarine_interfaces/msg/detail/submarine_state__type_support.c.o[0m
[17.464s] [ 59%] [32m[1mLinking CXX shared library libsubmarine_interfaces__rosidl_typesupport_c.so[0m
[17.518s] [ 62%] [32m[1mLinking C shared library libsubmarine_interfaces__rosidl_typesupport_introspection_c.so[0m
[17.622s] [ 65%] [32m[1mLinking CXX shared library libsubmarine_interfaces__rosidl_typesupport_introspection_cpp.so[0m
[17.641s] [ 68%] [32m[1mLinking CXX shared library libsubmarine_interfaces__rosidl_typesupport_fastrtps_cpp.so[0m
[17.841s] [ 68%] Built target submarine_interfaces__rosidl_typesupport_cpp
[17.844s] [ 68%] Built target submarine_interfaces__rosidl_typesupport_c
[17.892s] [ 68%] Built target submarine_interfaces__rosidl_typesupport_introspection_c
[18.019s] [ 68%] Built target submarine_interfaces__rosidl_typesupport_introspection_cpp
[18.046s] [ 71%] [32m[1mLinking CXX shared library libsubmarine_interfaces__rosidl_typesupport_fastrtps_c.so[0m
[18.069s] [ 71%] Built target submarine_interfaces__rosidl_typesupport_fastrtps_cpp
[18.577s] [ 71%] Built target submarine_interfaces__rosidl_typesupport_fastrtps_c
[18.623s] [ 71%] Built target submarine_interfaces
[18.668s] [ 75%] [34m[1mGenerating Python code for ROS interfaces[0m
[19.123s] [ 75%] Built target submarine_interfaces__py
[19.153s] [ 78%] [32mBuilding C object CMakeFiles/submarine_interfaces__rosidl_generator_py.dir/rosidl_generator_py/submarine_interfaces/msg/_submarine_state_s.c.o[0m
[19.398s] [ 81%] [32m[1mLinking C shared library rosidl_generator_py/submarine_interfaces/libsubmarine_interfaces__rosidl_generator_py.so[0m
[20.230s] [ 81%] Built target submarine_interfaces__rosidl_generator_py
[20.268s] [ 84%] [32mBuilding C object CMakeFiles/submarine_interfaces__rosidl_typesupport_fastrtps_c__pyext.dir/rosidl_generator_py/submarine_interfaces/_submarine_interfaces_s.ep.rosidl_typesupport_fastrtps_c.c.o[0m
[20.269s] [ 87%] [32mBuilding C object CMakeFiles/submarine_interfaces__rosidl_typesupport_c__pyext.dir/rosidl_generator_py/submarine_interfaces/_submarine_interfaces_s.ep.rosidl_typesupport_c.c.o[0m
[20.271s] [ 90%] [32mBuilding C object CMakeFiles/submarine_interfaces__rosidl_typesupport_introspection_c__pyext.dir/rosidl_generator_py/submarine_interfaces/_submarine_interfaces_s.ep.rosidl_typesupport_introspection_c.c.o[0m
[20.406s] [ 93%] [32m[1mLinking C shared library rosidl_generator_py/submarine_interfaces/submarine_interfaces_s__rosidl_typesupport_introspection_c.cpython-310-x86_64-linux-gnu.so[0m
[20.411s] [100%] [32m[1mLinking C shared library rosidl_generator_py/submarine_interfaces/submarine_interfaces_s__rosidl_typesupport_fastrtps_c.cpython-310-x86_64-linux-gnu.so[0m
[20.411s] [100%] [32m[1mLinking C shared library rosidl_generator_py/submarine_interfaces/submarine_interfaces_s__rosidl_typesupport_c.cpython-310-x86_64-linux-gnu.so[0m
[20.991s] [100%] Built target submarine_interfaces__rosidl_typesupport_introspection_c__pyext
[21.001s] [100%] Built target submarine_interfaces__rosidl_typesupport_c__pyext
[21.002s] [100%] Built target submarine_interfaces__rosidl_typesupport_fastrtps_c__pyext
[21.033s] Invoked command in '/home/suriya_prakash/task3_ws/build/submarine_interfaces' returned '0': CMAKE_PREFIX_PATH=${CMAKE_PREFIX_PATH}:/home/suriya_prakash/task3_ws/install/submarine_pkg:/home/suriya_prakash/task3_ws/install/sub_logic:/home/suriya_prakash/task3_ws/install/chat_pkg:/home/suriya_prakash/chat_ws/install/task2:/home/suriya_prakash/chat_ws/install/chat_pkg:/opt/ros/humble /usr/bin/cmake --build /home/suriya_prakash/task3_ws/build/submarine_interfaces -- -j12 -l12
[21.060s] Invoking command in '/home/suriya_prakash/task3_ws/build/submarine_interfaces': CMAKE_PREFIX_PATH=${CMAKE_PREFIX_PATH}:/home/suriya_prakash/task3_ws/install/submarine_pkg:/home/suriya_prakash/task3_ws/install/sub_logic:/home/suriya_prakash/task3_ws/install/chat_pkg:/home/suriya_prakash/chat_ws/install/task2:/home/suriya_prakash/chat_ws/install/chat_pkg:/opt/ros/humble /usr/bin/cmake --install /home/suriya_prakash/task3_ws/build/submarine_interfaces
[21.079s] -- Install configuration: ""
[21.081s] -- Execute custom install script
[21.083s] -- Symlinking: /home/suriya_prakash/task3_ws/install/submarine_interfaces/share/ament_index/resource_index/rosidl_interfaces/submarine_interfaces
[21.111s] -- Symlinking: /home/suriya_prakash/task3_ws/install/submarine_interfaces/include/submarine_interfaces/submarine_interfaces/msg/detail/submarine_state__functions.h
[21.130s] -- Symlinking: /home/suriya_prakash/task3_ws/install/submarine_interfaces/include/submarine_interfaces/submarine_interfaces/msg/detail/submarine_state__struct.h
[21.152s] -- Symlinking: /home/suriya_prakash/task3_ws/install/submarine_interfaces/include/submarine_interfaces/submarine_interfaces/msg/detail/submarine_state__type_support.h
[21.168s] -- Symlinking: /home/suriya_prakash/task3_ws/install/submarine_interfaces/include/submarine_interfaces/submarine_interfaces/msg/rosidl_generator_c__visibility_control.h
[21.191s] -- Symlinking: /home/suriya_prakash/task3_ws/install/submarine_interfaces/include/submarine_interfaces/submarine_interfaces/msg/submarine_state.h
[21.214s] -- Symlinking: /home/suriya_prakash/task3_ws/install/submarine_interfaces/share/submarine_interfaces/environment/library_path.sh
[21.234s] -- Symlinking: /home/suriya_prakash/task3_ws/install/submarine_interfaces/share/submarine_interfaces/environment/library_path.dsv
[21.257s] -- Symlinking: /home/suriya_prakash/task3_ws/install/submarine_interfaces/include/submarine_interfaces/submarine_interfaces/msg/detail/submarine_state__rosidl_typesupport_fastrtps_c.h
[21.280s] -- Symlinking: /home/suriya_prakash/task3_ws/install/submarine_interfaces/include/submarine_interfaces/submarine_interfaces/msg/rosidl_typesupport_fastrtps_c__visibility_control.h
[21.304s] -- Symlinking: /home/suriya_prakash/task3_ws/install/submarine_interfaces/include/submarine_interfaces/submarine_interfaces/msg/detail/submarine_state__rosidl_typesupport_introspection_c.h
[21.325s] -- Symlinking: /home/suriya_prakash/task3_ws/install/submarine_interfaces/include/submarine_interfaces/submarine_interfaces/msg/rosidl_typesupport_introspection_c__visibility_control.h
[21.348s] -- Symlinking: /home/suriya_prakash/task3_ws/install/submarine_interfaces/include/submarine_interfaces/submarine_interfaces/msg/detail/submarine_state__builder.hpp
[21.369s] -- Symlinking: /home/suriya_prakash/task3_ws/install/submarine_interfaces/include/submarine_interfaces/submarine_interfaces/msg/detail/submarine_state__struct.hpp
[21.390s] -- Symlinking: /home/suriya_prakash/task3_ws/install/submarine_interfaces/include/submarine_interfaces/submarine_interfaces/msg/detail/submarine_state__traits.hpp
[21.412s] -- Symlinking: /home/suriya_prakash/task3_ws/install/submarine_interfaces/include/submarine_interfaces/submarine_interfaces/msg/detail/submarine_state__type_support.hpp
[21.432s] -- Symlinking: /home/suriya_prakash/task3_ws/install/submarine_interfaces/include/submarine_interfaces/submarine_interfaces/msg/rosidl_generator_cpp__visibility_control.hpp
[21.448s] -- Symlinking: /home/suriya_prakash/task3_ws/install/submarine_interfaces/include/submarine_interfaces/submarine_interfaces/msg/submarine_state.hpp
[21.464s] -- Symlinking: /home/suriya_prakash/task3_ws/install/submarine_interfaces/include/submarine_interfaces/submarine_interfaces/msg/detail/submarine_state__rosidl_typesupport_fastrtps_cpp.hpp
[21.484s] -- Symlinking: /home/suriya_prakash/task3_ws/install/submarine_interfaces/include/submarine_interfaces/submarine_interfaces/msg/rosidl_typesupport_fastrtps_cpp__visibility_control.h
[21.505s] -- Symlinking: /home/suriya_prakash/task3_ws/install/submarine_interfaces/include/submarine_interfaces/submarine_interfaces/msg/detail/submarine_state__rosidl_typesupport_introspection_cpp.hpp
[21.524s] -- Symlinking: /home/suriya_prakash/task3_ws/install/submarine_interfaces/share/submarine_interfaces/environment/pythonpath.sh
[21.544s] -- Symlinking: /home/suriya_prakash/task3_ws/install/submarine_interfaces/share/submarine_interfaces/environment/pythonpath.dsv
[21.568s] -- Symlinking: /home/suriya_prakash/task3_ws/install/submarine_interfaces/local/lib/python3.10/dist-packages/submarine_interfaces-0.0.0-py3.10.egg-info/PKG-INFO
[21.585s] -- Symlinking: /home/suriya_prakash/task3_ws/install/submarine_interfaces/local/lib/python3.10/dist-packages/submarine_interfaces-0.0.0-py3.10.egg-info/SOURCES.txt
[21.602s] -- Symlinking: /home/suriya_prakash/task3_ws/install/submarine_interfaces/local/lib/python3.10/dist-packages/submarine_interfaces-0.0.0-py3.10.egg-info/dependency_links.txt
[21.617s] -- Symlinking: /home/suriya_prakash/task3_ws/install/submarine_interfaces/local/lib/python3.10/dist-packages/submarine_interfaces-0.0.0-py3.10.egg-info/top_level.txt
[21.632s] -- Symlinking: /home/suriya_prakash/task3_ws/install/submarine_interfaces/local/lib/python3.10/dist-packages/submarine_interfaces/__init__.py
[21.645s] -- Symlinking: /home/suriya_prakash/task3_ws/install/submarine_interfaces/local/lib/python3.10/dist-packages/submarine_interfaces/_submarine_interfaces_s.ep.rosidl_typesupport_c.c
[21.658s] -- Symlinking: /home/suriya_prakash/task3_ws/install/submarine_interfaces/local/lib/python3.10/dist-packages/submarine_interfaces/_submarine_interfaces_s.ep.rosidl_typesupport_fastrtps_c.c
[21.672s] -- Symlinking: /home/suriya_prakash/task3_ws/install/submarine_interfaces/local/lib/python3.10/dist-packages/submarine_interfaces/_submarine_interfaces_s.ep.rosidl_typesupport_introspection_c.c
[21.686s] -- Symlinking: /home/suriya_prakash/task3_ws/install/submarine_interfaces/local/lib/python3.10/dist-packages/submarine_interfaces/libsubmarine_interfaces__rosidl_generator_py.so
[21.700s] -- Symlinking: /home/suriya_prakash/task3_ws/install/submarine_interfaces/local/lib/python3.10/dist-packages/submarine_interfaces/msg/__init__.py
[21.716s] -- Symlinking: /home/suriya_prakash/task3_ws/install/submarine_interfaces/local/lib/python3.10/dist-packages/submarine_interfaces/msg/_submarine_state.py
[21.731s] -- Symlinking: /home/suriya_prakash/task3_ws/install/submarine_interfaces/local/lib/python3.10/dist-packages/submarine_interfaces/msg/_submarine_state_s.c
[21.745s] -- Symlinking: /home/suriya_prakash/task3_ws/install/submarine_interfaces/local/lib/python3.10/dist-packages/submarine_interfaces/submarine_interfaces_s__rosidl_typesupport_c.cpython-310-x86_64-linux-gnu.so
[21.761s] -- Symlinking: /home/suriya_prakash/task3_ws/install/submarine_interfaces/local/lib/python3.10/dist-packages/submarine_interfaces/submarine_interfaces_s__rosidl_typesupport_fastrtps_c.cpython-310-x86_64-linux-gnu.so
[21.778s] -- Symlinking: /home/suriya_prakash/task3_ws/install/submarine_interfaces/local/lib/python3.10/dist-packages/submarine_interfaces/submarine_interfaces_s__rosidl_typesupport_introspection_c.cpython-310-x86_64-linux-gnu.so
[21.797s] -- Up-to-date symlink: /home/suriya_prakash/task3_ws/install/submarine_interfaces/local/lib/python3.10/dist-packages/submarine_interfaces/submarine_interfaces_s__rosidl_typesupport_fastrtps_c.cpython-310-x86_64-linux-gnu.so
[21.798s] -- Up-to-date symlink: /home/suriya_prakash/task3_ws/install/submarine_interfaces/local/lib/python3.10/dist-packages/submarine_interfaces/submarine_interfaces_s__rosidl_typesupport_introspection_c.cpython-310-x86_64-linux-gnu.so
[21.798s] -- Up-to-date symlink: /home/suriya_prakash/task3_ws/install/submarine_interfaces/local/lib/python3.10/dist-packages/submarine_interfaces/submarine_interfaces_s__rosidl_typesupport_c.cpython-310-x86_64-linux-gnu.so
[21.799s] -- Symlinking: /home/suriya_prakash/task3_ws/install/submarine_interfaces/share/ament_index/resource_index/rust_packages/submarine_interfaces
[21.817s] -- Symlinking: /home/suriya_prakash/task3_ws/install/submarine_interfaces/share/submarine_interfaces/rust/Cargo.toml
[21.835s] -- Symlinking: /home/suriya_prakash/task3_ws/install/submarine_interfaces/share/submarine_interfaces/rust/build.rs
[21.853s] -- Symlinking: /home/suriya_prakash/task3_ws/install/submarine_interfaces/share/submarine_interfaces/rust/src/lib.rs
[21.871s] -- Symlinking: /home/suriya_prakash/task3_ws/install/submarine_interfaces/share/submarine_interfaces/rust/src/msg.rs
[21.890s] -- Symlinking: /home/suriya_prakash/task3_ws/install/submarine_interfaces/share/submarine_interfaces/rust/src/msg/rmw.rs
[21.907s] -- Symlinking: /home/suriya_prakash/task3_ws/install/submarine_interfaces/share/submarine_interfaces/msg/SubmarineState.idl
[21.922s] -- Symlinking: /home/suriya_prakash/task3_ws/install/submarine_interfaces/share/submarine_interfaces/msg/SubmarineState.msg
[21.936s] -- Symlinking: /home/suriya_prakash/task3_ws/install/submarine_interfaces/share/ament_index/resource_index/package_run_dependencies/submarine_interfaces
[21.952s] -- Symlinking: /home/suriya_prakash/task3_ws/install/submarine_interfaces/share/ament_index/resource_index/parent_prefix_path/submarine_interfaces
[21.970s] -- Symlinking: /home/suriya_prakash/task3_ws/install/submarine_interfaces/share/submarine_interfaces/environment/ament_prefix_path.sh
[21.988s] -- Symlinking: /home/suriya_prakash/task3_ws/install/submarine_interfaces/share/submarine_interfaces/environment/ament_prefix_path.dsv
[22.002s] -- Symlinking: /home/suriya_prakash/task3_ws/install/submarine_interfaces/share/submarine_interfaces/environment/path.sh
[22.014s] -- Symlinking: /home/suriya_prakash/task3_ws/install/submarine_interfaces/share/submarine_interfaces/environment/path.dsv
[22.027s] -- Symlinking: /home/suriya_prakash/task3_ws/install/submarine_interfaces/share/submarine_interfaces/local_setup.bash
[22.040s] -- Symlinking: /home/suriya_prakash/task3_ws/install/submarine_interfaces/share/submarine_interfaces/local_setup.sh
[22.053s] -- Symlinking: /home/suriya_prakash/task3_ws/install/submarine_interfaces/share/submarine_interfaces/local_setup.zsh
[22.071s] -- Symlinking: /home/suriya_prakash/task3_ws/install/submarine_interfaces/share/submarine_interfaces/local_setup.dsv
[22.089s] -- Symlinking: /home/suriya_prakash/task3_ws/install/submarine_interfaces/share/submarine_interfaces/package.dsv
[22.110s] -- Symlinking: /home/suriya_prakash/task3_ws/install/submarine_interfaces/share/ament_index/resource_index/packages/submarine_interfaces
[22.127s] -- Symlinking: /home/suriya_prakash/task3_ws/install/submarine_interfaces/share/submarine_interfaces/cmake/rosidl_cmake-extras.cmake
[22.147s] -- Symlinking: /home/suriya_prakash/task3_ws/install/submarine_interfaces/share/submarine_interfaces/cmake/ament_cmake_export_include_directories-extras.cmake
[22.170s] -- Symlinking: /home/suriya_prakash/task3_ws/install/submarine_interfaces/share/submarine_interfaces/cmake/ament_cmake_export_libraries-extras.cmake
[22.196s] -- Symlinking: /home/suriya_prakash/task3_ws/install/submarine_interfaces/share/submarine_interfaces/cmake/ament_cmake_export_targets-extras.cmake
[22.221s] -- Symlinking: /home/suriya_prakash/task3_ws/install/submarine_interfaces/share/submarine_interfaces/cmake/rosidl_cmake_export_typesupport_targets-extras.cmake
[22.242s] -- Symlinking: /home/suriya_prakash/task3_ws/install/submarine_interfaces/share/submarine_interfaces/cmake/ament_cmake_export_dependencies-extras.cmake
[22.263s] -- Symlinking: /home/suriya_prakash/task3_ws/install/submarine_interfaces/share/submarine_interfaces/cmake/rosidl_cmake_export_typesupport_libraries-extras.cmake
[22.287s] -- Symlinking: /home/suriya_prakash/task3_ws/install/submarine_interfaces/share/submarine_interfaces/cmake/submarine_interfacesConfig.cmake
[22.310s] -- Symlinking: /home/suriya_prakash/task3_ws/install/submarine_interfaces/share/submarine_interfaces/cmake/submarine_interfacesConfig-version.cmake
[22.334s] -- Symlinking: /home/suriya_prakash/task3_ws/install/submarine_interfaces/share/submarine_interfaces/package.xml
[22.399s] -- Installing: /home/suriya_prakash/task3_ws/install/submarine_interfaces/lib/libsubmarine_interfaces__rosidl_generator_c.so
[22.400s] -- Set runtime path of "/home/suriya_prakash/task3_ws/install/submarine_interfaces/lib/libsubmarine_interfaces__rosidl_generator_c.so" to ""
[22.400s] -- Installing: /home/suriya_prakash/task3_ws/install/submarine_interfaces/lib/libsubmarine_interfaces__rosidl_typesupport_fastrtps_c.so
[22.401s] -- Set runtime path of "/home/suriya_prakash/task3_ws/install/submarine_interfaces/lib/libsubmarine_interfaces__rosidl_typesupport_fastrtps_c.so" to ""
[22.401s] -- Installing: /home/suriya_prakash/task3_ws/install/submarine_interfaces/lib/libsubmarine_interfaces__rosidl_typesupport_introspection_c.so
[22.402s] -- Set runtime path of "/home/suriya_prakash/task3_ws/install/submarine_interfaces/lib/libsubmarine_interfaces__rosidl_typesupport_introspection_c.so" to ""
[22.402s] -- Installing: /home/suriya_prakash/task3_ws/install/submarine_interfaces/lib/libsubmarine_interfaces__rosidl_typesupport_c.so
[22.403s] -- Set runtime path of "/home/suriya_prakash/task3_ws/install/submarine_interfaces/lib/libsubmarine_interfaces__rosidl_typesupport_c.so" to ""
[22.404s] -- Installing: /home/suriya_prakash/task3_ws/install/submarine_interfaces/lib/libsubmarine_interfaces__rosidl_typesupport_fastrtps_cpp.so
[22.405s] -- Set runtime path of "/home/suriya_prakash/task3_ws/install/submarine_interfaces/lib/libsubmarine_interfaces__rosidl_typesupport_fastrtps_cpp.so" to ""
[22.405s] -- Installing: /home/suriya_prakash/task3_ws/install/submarine_interfaces/lib/libsubmarine_interfaces__rosidl_typesupport_introspection_cpp.so
[22.406s] -- Set runtime path of "/home/suriya_prakash/task3_ws/install/submarine_interfaces/lib/libsubmarine_interfaces__rosidl_typesupport_introspection_cpp.so" to ""
[22.406s] -- Installing: /home/suriya_prakash/task3_ws/install/submarine_interfaces/lib/libsubmarine_interfaces__rosidl_typesupport_cpp.so
[22.407s] -- Set runtime path of "/home/suriya_prakash/task3_ws/install/submarine_interfaces/lib/libsubmarine_interfaces__rosidl_typesupport_cpp.so" to ""
[22.511s] Listing '/home/suriya_prakash/task3_ws/install/submarine_interfaces/local/lib/python3.10/dist-packages/submarine_interfaces'...
[22.511s] Compiling '/home/suriya_prakash/task3_ws/install/submarine_interfaces/local/lib/python3.10/dist-packages/submarine_interfaces/__init__.py'...
[22.512s] Listing '/home/suriya_prakash/task3_ws/install/submarine_interfaces/local/lib/python3.10/dist-packages/submarine_interfaces/msg'...
[22.512s] Compiling '/home/suriya_prakash/task3_ws/install/submarine_interfaces/local/lib/python3.10/dist-packages/submarine_interfaces/msg/__init__.py'...
[22.512s] Compiling '/home/suriya_prakash/task3_ws/install/submarine_interfaces/local/lib/python3.10/dist-packages/submarine_interfaces/msg/_submarine_state.py'...
[22.525s] -- Installing: /home/suriya_prakash/task3_ws/install/submarine_interfaces/lib/libsubmarine_interfaces__rosidl_generator_py.so
[22.526s] -- Set runtime path of "/home/suriya_prakash/task3_ws/install/submarine_interfaces/lib/libsubmarine_interfaces__rosidl_generator_py.so" to ""
[22.526s] -- Installing: /home/suriya_prakash/task3_ws/install/submarine_interfaces/share/submarine_interfaces/cmake/export_submarine_interfaces__rosidl_generator_cExport.cmake
[22.527s] -- Installing: /home/suriya_prakash/task3_ws/install/submarine_interfaces/share/submarine_interfaces/cmake/export_submarine_interfaces__rosidl_generator_cExport-noconfig.cmake
[22.528s] -- Installing: /home/suriya_prakash/task3_ws/install/submarine_interfaces/share/submarine_interfaces/cmake/export_submarine_interfaces__rosidl_typesupport_fastrtps_cExport.cmake
[22.528s] -- Installing: /home/suriya_prakash/task3_ws/install/submarine_interfaces/share/submarine_interfaces/cmake/export_submarine_interfaces__rosidl_typesupport_fastrtps_cExport-noconfig.cmake
[22.528s] -- Installing: /home/suriya_prakash/task3_ws/install/submarine_interfaces/share/submarine_interfaces/cmake/submarine_interfaces__rosidl_typesupport_introspection_cExport.cmake
[22.529s] -- Installing: /home/suriya_prakash/task3_ws/install/submarine_interfaces/share/submarine_interfaces/cmake/submarine_interfaces__rosidl_typesupport_introspection_cExport-noconfig.cmake
[22.530s] -- Installing: /home/suriya_prakash/task3_ws/install/submarine_interfaces/share/submarine_interfaces/cmake/submarine_interfaces__rosidl_typesupport_cExport.cmake
[22.530s] -- Installing: /home/suriya_prakash/task3_ws/install/submarine_interfaces/share/submarine_interfaces/cmake/submarine_interfaces__rosidl_typesupport_cExport-noconfig.cmake
[22.531s] -- Installing: /home/suriya_prakash/task3_ws/install/submarine_interfaces/share/submarine_interfaces/cmake/export_submarine_interfaces__rosidl_generator_cppExport.cmake
[22.532s] -- Installing: /home/suriya_prakash/task3_ws/install/submarine_interfaces/share/submarine_interfaces/cmake/export_submarine_interfaces__rosidl_typesupport_fastrtps_cppExport.cmake
[22.532s] -- Installing: /home/suriya_prakash/task3_ws/install/submarine_interfaces/share/submarine_interfaces/cmake/export_submarine_interfaces__rosidl_typesupport_fastrtps_cppExport-noconfig.cmake
[22.533s] -- Installing: /home/suriya_prakash/task3_ws/install/submarine_interfaces/share/submarine_interfaces/cmake/submarine_interfaces__rosidl_typesupport_introspection_cppExport.cmake
[22.533s] -- Installing: /home/suriya_prakash/task3_ws/install/submarine_interfaces/share/submarine_interfaces/cmake/submarine_interfaces__rosidl_typesupport_introspection_cppExport-noconfig.cmake
[22.534s] -- Installing: /home/suriya_prakash/task3_ws/install/submarine_interfaces/share/submarine_interfaces/cmake/submarine_interfaces__rosidl_typesupport_cppExport.cmake
[22.534s] -- Installing: /home/suriya_prakash/task3_ws/install/submarine_interfaces/share/submarine_interfaces/cmake/submarine_interfaces__rosidl_typesupport_cppExport-noconfig.cmake
[22.534s] -- Installing: /home/suriya_prakash/task3_ws/install/submarine_interfaces/share/submarine_interfaces/cmake/export_submarine_interfaces__rosidl_generator_pyExport.cmake
[22.534s] -- Installing: /home/suriya_prakash/task3_ws/install/submarine_interfaces/share/submarine_interfaces/cmake/export_submarine_interfaces__rosidl_generator_pyExport-noconfig.cmake
[22.542s] Invoked command in '/home/suriya_prakash/task3_ws/build/submarine_interfaces' returned '0': CMAKE_PREFIX_PATH=${CMAKE_PREFIX_PATH}:/home/suriya_prakash/task3_ws/install/submarine_pkg:/home/suriya_prakash/task3_ws/install/sub_logic:/home/suriya_prakash/task3_ws/install/chat_pkg:/home/suriya_prakash/chat_ws/install/task2:/home/suriya_prakash/chat_ws/install/chat_pkg:/opt/ros/humble /usr/bin/cmake --install /home/suriya_prakash/task3_ws/build/submarine_interfaces
