running develop
running egg_info
creating submarine_pkg.egg-info
writing submarine_pkg.egg-info/PKG-INFO
writing dependency_links to submarine_pkg.egg-info/dependency_links.txt
writing entry points to submarine_pkg.egg-info/entry_points.txt
writing requirements to submarine_pkg.egg-info/requires.txt
writing top-level names to submarine_pkg.egg-info/top_level.txt
writing manifest file 'submarine_pkg.egg-info/SOURCES.txt'
reading manifest file 'submarine_pkg.egg-info/SOURCES.txt'
writing manifest file 'submarine_pkg.egg-info/SOURCES.txt'
running build_ext
Creating /home/suriya_prakash/task3_ws/install/submarine_pkg/lib/python3.10/site-packages/submarine-pkg.egg-link (link to .)
Installing commander script to /home/suriya_prakash/task3_ws/install/submarine_pkg/lib/submarine_pkg
Installing navigator script to /home/suriya_prakash/task3_ws/install/submarine_pkg/lib/submarine_pkg

Installed /home/suriya_prakash/task3_ws/build/submarine_pkg
running symlink_data
creating /home/suriya_prakash/task3_ws/install/submarine_pkg/share/ament_index
creating /home/suriya_prakash/task3_ws/install/submarine_pkg/share/ament_index/resource_index
creating /home/suriya_prakash/task3_ws/install/submarine_pkg/share/ament_index/resource_index/packages
symbolically linking /home/suriya_prakash/task3_ws/build/submarine_pkg/resource/submarine_pkg -> /home/suriya_prakash/task3_ws/install/submarine_pkg/share/ament_index/resource_index/packages
symbolically linking /home/suriya_prakash/task3_ws/build/submarine_pkg/package.xml -> /home/suriya_prakash/task3_ws/install/submarine_pkg/share/submarine_pkg
