[1.142s] DEBUG:colcon:Command line arguments: ['/usr/bin/colcon', 'build', '--symlink-install']
[1.143s] DEBUG:colcon:Parsed command line arguments: Namespace(log_base=None, log_level=None, verb_name='build', build_base='build', install_base='install', merge_install=False, symlink_install=True, test_result_base=None, continue_on_error=False, executor='parallel', parallel_workers=12, event_handlers=None, ignore_user_meta=False, metas=['./colcon.meta'], base_paths=['.'], packages_ignore=None, packages_ignore_regex=None, paths=None, packages_up_to=None, packages_up_to_regex=None, packages_above=None, packages_above_and_dependencies=None, packages_above_depth=None, packages_select_by_dep=None, packages_skip_by_dep=None, packages_skip_up_to=None, packages_select_build_failed=False, packages_skip_build_finished=False, packages_select_test_failures=False, packages_skip_test_passed=False, packages_select=None, packages_skip=None, packages_select_regex=None, packages_skip_regex=None, packages_start=None, packages_end=None, allow_overriding=[], cmake_args=None, cmake_target=None, cmake_target_skip_unavailable=False, cmake_clean_cache=False, cmake_clean_first=False, cmake_force_configure=False, ament_cmake_args=None, catkin_cmake_args=None, catkin_skip_building_tests=False, verb_parser=<colcon_defaults.argument_parser.defaults.DefaultArgumentsDecorator object at 0x76530f31cd00>, verb_extension=<colcon_core.verb.build.BuildVerb object at 0x76530f31c8b0>, main=<bound method BuildVerb.main of <colcon_core.verb.build.BuildVerb object at 0x76530f31c8b0>>)
[1.944s] Level 1:colcon.colcon_core.package_discovery:discover_packages(colcon_meta) check parameters
[1.944s] Level 1:colcon.colcon_core.package_discovery:discover_packages(recursive) check parameters
[1.944s] Level 1:colcon.colcon_core.package_discovery:discover_packages(ignore) check parameters
[1.944s] Level 1:colcon.colcon_core.package_discovery:discover_packages(path) check parameters
[1.944s] Level 1:colcon.colcon_core.package_discovery:discover_packages(colcon_meta) discover
[1.944s] Level 1:colcon.colcon_core.package_discovery:discover_packages(recursive) discover
[1.944s] INFO:colcon.colcon_core.package_discovery:Crawling recursively for packages in '/home/suriya_prakash/task3_ws'
[1.944s] Level 1:colcon.colcon_core.package_identification:_identify(.) by extensions ['ignore', 'ignore_ament_install']
[1.945s] Level 1:colcon.colcon_core.package_identification:_identify(.) by extension 'ignore'
[1.945s] Level 1:colcon.colcon_core.package_identification:_identify(.) by extension 'ignore_ament_install'
[1.945s] Level 1:colcon.colcon_core.package_identification:_identify(.) by extensions ['colcon_pkg']
[1.945s] Level 1:colcon.colcon_core.package_identification:_identify(.) by extension 'colcon_pkg'
[1.945s] Level 1:colcon.colcon_core.package_identification:_identify(.) by extensions ['colcon_meta']
[1.945s] Level 1:colcon.colcon_core.package_identification:_identify(.) by extension 'colcon_meta'
[1.945s] Level 1:colcon.colcon_core.package_identification:_identify(.) by extensions ['ros']
[1.945s] Level 1:colcon.colcon_core.package_identification:_identify(.) by extension 'ros'
[1.982s] Level 1:colcon.colcon_core.package_identification:_identify(.) by extensions ['cmake', 'python']
[1.982s] Level 1:colcon.colcon_core.package_identification:_identify(.) by extension 'cmake'
[1.983s] Level 1:colcon.colcon_core.package_identification:_identify(.) by extension 'python'
[1.983s] Level 1:colcon.colcon_core.package_identification:_identify(.) by extensions ['python_setup_py']
[1.983s] Level 1:colcon.colcon_core.package_identification:_identify(.) by extension 'python_setup_py'
[1.984s] Level 1:colcon.colcon_core.package_identification:_identify(build) by extensions ['ignore', 'ignore_ament_install']
[1.984s] Level 1:colcon.colcon_core.package_identification:_identify(build) by extension 'ignore'
[1.984s] Level 1:colcon.colcon_core.package_identification:_identify(build) ignored
[1.984s] Level 1:colcon.colcon_core.package_identification:_identify(install) by extensions ['ignore', 'ignore_ament_install']
[1.984s] Level 1:colcon.colcon_core.package_identification:_identify(install) by extension 'ignore'
[1.984s] Level 1:colcon.colcon_core.package_identification:_identify(install) ignored
[1.985s] Level 1:colcon.colcon_core.package_identification:_identify(log) by extensions ['ignore', 'ignore_ament_install']
[1.985s] Level 1:colcon.colcon_core.package_identification:_identify(log) by extension 'ignore'
[1.985s] Level 1:colcon.colcon_core.package_identification:_identify(log) ignored
[1.985s] Level 1:colcon.colcon_core.package_identification:_identify(src) by extensions ['ignore', 'ignore_ament_install']
[1.985s] Level 1:colcon.colcon_core.package_identification:_identify(src) by extension 'ignore'
[1.985s] Level 1:colcon.colcon_core.package_identification:_identify(src) by extension 'ignore_ament_install'
[1.985s] Level 1:colcon.colcon_core.package_identification:_identify(src) by extensions ['colcon_pkg']
[1.985s] Level 1:colcon.colcon_core.package_identification:_identify(src) by extension 'colcon_pkg'
[1.986s] Level 1:colcon.colcon_core.package_identification:_identify(src) by extensions ['colcon_meta']
[1.986s] Level 1:colcon.colcon_core.package_identification:_identify(src) by extension 'colcon_meta'
[1.986s] Level 1:colcon.colcon_core.package_identification:_identify(src) by extensions ['ros']
[1.986s] Level 1:colcon.colcon_core.package_identification:_identify(src) by extension 'ros'
[1.986s] Level 1:colcon.colcon_core.package_identification:_identify(src) by extensions ['cmake', 'python']
[1.986s] Level 1:colcon.colcon_core.package_identification:_identify(src) by extension 'cmake'
[1.986s] Level 1:colcon.colcon_core.package_identification:_identify(src) by extension 'python'
[1.986s] Level 1:colcon.colcon_core.package_identification:_identify(src) by extensions ['python_setup_py']
[1.986s] Level 1:colcon.colcon_core.package_identification:_identify(src) by extension 'python_setup_py'
[1.986s] Level 1:colcon.colcon_core.package_identification:_identify(src/submarine_interfaces) by extensions ['ignore', 'ignore_ament_install']
[1.987s] Level 1:colcon.colcon_core.package_identification:_identify(src/submarine_interfaces) by extension 'ignore'
[1.987s] Level 1:colcon.colcon_core.package_identification:_identify(src/submarine_interfaces) by extension 'ignore_ament_install'
[1.987s] Level 1:colcon.colcon_core.package_identification:_identify(src/submarine_interfaces) by extensions ['colcon_pkg']
[1.987s] Level 1:colcon.colcon_core.package_identification:_identify(src/submarine_interfaces) by extension 'colcon_pkg'
[1.987s] Level 1:colcon.colcon_core.package_identification:_identify(src/submarine_interfaces) by extensions ['colcon_meta']
[1.987s] Level 1:colcon.colcon_core.package_identification:_identify(src/submarine_interfaces) by extension 'colcon_meta'
[1.987s] Level 1:colcon.colcon_core.package_identification:_identify(src/submarine_interfaces) by extensions ['ros']
[1.987s] Level 1:colcon.colcon_core.package_identification:_identify(src/submarine_interfaces) by extension 'ros'
[1.997s] DEBUG:colcon.colcon_core.package_identification:Package 'src/submarine_interfaces' with type 'ros.ament_cmake' and name 'submarine_interfaces'
[1.998s] Level 1:colcon.colcon_core.package_identification:_identify(src/submarine_pkg) by extensions ['ignore', 'ignore_ament_install']
[1.998s] Level 1:colcon.colcon_core.package_identification:_identify(src/submarine_pkg) by extension 'ignore'
[1.998s] Level 1:colcon.colcon_core.package_identification:_identify(src/submarine_pkg) by extension 'ignore_ament_install'
[1.999s] Level 1:colcon.colcon_core.package_identification:_identify(src/submarine_pkg) by extensions ['colcon_pkg']
[1.999s] Level 1:colcon.colcon_core.package_identification:_identify(src/submarine_pkg) by extension 'colcon_pkg'
[1.999s] Level 1:colcon.colcon_core.package_identification:_identify(src/submarine_pkg) by extensions ['colcon_meta']
[1.999s] Level 1:colcon.colcon_core.package_identification:_identify(src/submarine_pkg) by extension 'colcon_meta'
[1.999s] Level 1:colcon.colcon_core.package_identification:_identify(src/submarine_pkg) by extensions ['ros']
[1.999s] Level 1:colcon.colcon_core.package_identification:_identify(src/submarine_pkg) by extension 'ros'
[2.002s] DEBUG:colcon.colcon_core.package_identification:Package 'src/submarine_pkg' with type 'ros.ament_python' and name 'submarine_pkg'
[2.002s] Level 1:colcon.colcon_core.package_discovery:discover_packages(recursive) using defaults
[2.003s] Level 1:colcon.colcon_core.package_discovery:discover_packages(ignore) discover
[2.003s] Level 1:colcon.colcon_core.package_discovery:discover_packages(ignore) using defaults
[2.003s] Level 1:colcon.colcon_core.package_discovery:discover_packages(path) discover
[2.003s] Level 1:colcon.colcon_core.package_discovery:discover_packages(path) using defaults
[2.077s] Level 1:colcon.colcon_core.package_discovery:discover_packages(prefix_path) check parameters
[2.077s] Level 1:colcon.colcon_core.package_discovery:discover_packages(prefix_path) discover
[2.082s] WARNING:colcon.colcon_ros.prefix_path.ament:The path '/home/suriya_prakash/task3_ws/install/submarine_pkg' in the environment variable AMENT_PREFIX_PATH doesn't exist
[2.083s] WARNING:colcon.colcon_ros.prefix_path.ament:The path '/home/suriya_prakash/task3_ws/install/submarine_interfaces' in the environment variable AMENT_PREFIX_PATH doesn't exist
[2.083s] WARNING:colcon.colcon_ros.prefix_path.ament:The path '/home/suriya_prakash/task3_ws/install/sub_logic' in the environment variable AMENT_PREFIX_PATH doesn't exist
[2.083s] WARNING:colcon.colcon_ros.prefix_path.ament:The path '/home/suriya_prakash/task3_ws/install/chat_pkg' in the environment variable AMENT_PREFIX_PATH doesn't exist
[2.088s] WARNING:colcon.colcon_ros.prefix_path.catkin:The path '/home/suriya_prakash/task3_ws/install/submarine_interfaces' in the environment variable CMAKE_PREFIX_PATH doesn't exist
[2.091s] DEBUG:colcon.colcon_installed_package_information.package_discovery:Found 0 installed packages in /home/suriya_prakash/task3_ws/install
[2.093s] DEBUG:colcon.colcon_installed_package_information.package_discovery:Found 3 installed packages in /home/suriya_prakash/chat_ws/install
[2.096s] DEBUG:colcon.colcon_installed_package_information.package_discovery:Found 273 installed packages in /opt/ros/humble
[2.101s] Level 1:colcon.colcon_core.package_discovery:discover_packages(prefix_path) using defaults
[2.305s] Level 5:colcon.colcon_core.verb:set package 'submarine_interfaces' build argument 'cmake_args' from command line to 'None'
[2.305s] Level 5:colcon.colcon_core.verb:set package 'submarine_interfaces' build argument 'cmake_target' from command line to 'None'
[2.306s] Level 5:colcon.colcon_core.verb:set package 'submarine_interfaces' build argument 'cmake_target_skip_unavailable' from command line to 'False'
[2.306s] Level 5:colcon.colcon_core.verb:set package 'submarine_interfaces' build argument 'cmake_clean_cache' from command line to 'False'
[2.306s] Level 5:colcon.colcon_core.verb:set package 'submarine_interfaces' build argument 'cmake_clean_first' from command line to 'False'
[2.306s] Level 5:colcon.colcon_core.verb:set package 'submarine_interfaces' build argument 'cmake_force_configure' from command line to 'False'
[2.306s] Level 5:colcon.colcon_core.verb:set package 'submarine_interfaces' build argument 'ament_cmake_args' from command line to 'None'
[2.306s] Level 5:colcon.colcon_core.verb:set package 'submarine_interfaces' build argument 'catkin_cmake_args' from command line to 'None'
[2.306s] Level 5:colcon.colcon_core.verb:set package 'submarine_interfaces' build argument 'catkin_skip_building_tests' from command line to 'False'
[2.306s] DEBUG:colcon.colcon_core.verb:Building package 'submarine_interfaces' with the following arguments: {'ament_cmake_args': None, 'build_base': '/home/suriya_prakash/task3_ws/build/submarine_interfaces', 'catkin_cmake_args': None, 'catkin_skip_building_tests': False, 'cmake_args': None, 'cmake_clean_cache': False, 'cmake_clean_first': False, 'cmake_force_configure': False, 'cmake_target': None, 'cmake_target_skip_unavailable': False, 'install_base': '/home/suriya_prakash/task3_ws/install/submarine_interfaces', 'merge_install': False, 'path': '/home/suriya_prakash/task3_ws/src/submarine_interfaces', 'symlink_install': True, 'test_result_base': None}
[2.307s] Level 5:colcon.colcon_core.verb:set package 'submarine_pkg' build argument 'cmake_args' from command line to 'None'
[2.307s] Level 5:colcon.colcon_core.verb:set package 'submarine_pkg' build argument 'cmake_target' from command line to 'None'
[2.307s] Level 5:colcon.colcon_core.verb:set package 'submarine_pkg' build argument 'cmake_target_skip_unavailable' from command line to 'False'
[2.307s] Level 5:colcon.colcon_core.verb:set package 'submarine_pkg' build argument 'cmake_clean_cache' from command line to 'False'
[2.307s] Level 5:colcon.colcon_core.verb:set package 'submarine_pkg' build argument 'cmake_clean_first' from command line to 'False'
[2.307s] Level 5:colcon.colcon_core.verb:set package 'submarine_pkg' build argument 'cmake_force_configure' from command line to 'False'
[2.307s] Level 5:colcon.colcon_core.verb:set package 'submarine_pkg' build argument 'ament_cmake_args' from command line to 'None'
[2.307s] Level 5:colcon.colcon_core.verb:set package 'submarine_pkg' build argument 'catkin_cmake_args' from command line to 'None'
[2.307s] Level 5:colcon.colcon_core.verb:set package 'submarine_pkg' build argument 'catkin_skip_building_tests' from command line to 'False'
[2.307s] DEBUG:colcon.colcon_core.verb:Building package 'submarine_pkg' with the following arguments: {'ament_cmake_args': None, 'build_base': '/home/suriya_prakash/task3_ws/build/submarine_pkg', 'catkin_cmake_args': None, 'catkin_skip_building_tests': False, 'cmake_args': None, 'cmake_clean_cache': False, 'cmake_clean_first': False, 'cmake_force_configure': False, 'cmake_target': None, 'cmake_target_skip_unavailable': False, 'install_base': '/home/suriya_prakash/task3_ws/install/submarine_pkg', 'merge_install': False, 'path': '/home/suriya_prakash/task3_ws/src/submarine_pkg', 'symlink_install': True, 'test_result_base': None}
[2.307s] INFO:colcon.colcon_core.executor:Executing jobs using 'parallel' executor
[2.310s] DEBUG:colcon.colcon_parallel_executor.executor.parallel:run_until_complete
[2.310s] INFO:colcon.colcon_ros.task.ament_cmake.build:Building ROS package in '/home/suriya_prakash/task3_ws/src/submarine_interfaces' with build type 'ament_cmake'
[2.310s] INFO:colcon.colcon_cmake.task.cmake.build:Building CMake package in '/home/suriya_prakash/task3_ws/src/submarine_interfaces'
[2.323s] INFO:colcon.colcon_core.plugin_system:Skipping extension 'colcon_core.shell.bat': Not used on non-Windows systems
[2.324s] INFO:colcon.colcon_core.shell:Skip shell extension 'powershell' for command environment: Not usable outside of PowerShell
[2.324s] DEBUG:colcon.colcon_core.shell:Skip shell extension 'dsv' for command environment
[2.331s] INFO:colcon.colcon_ros.task.ament_python.build:Building ROS package in '/home/suriya_prakash/task3_ws/src/submarine_pkg' with build type 'ament_python'
[2.332s] Level 1:colcon.colcon_core.shell:create_environment_hook('submarine_pkg', 'ament_prefix_path')
[2.332s] INFO:colcon.colcon_core.shell:Creating environment hook '/home/suriya_prakash/task3_ws/install/submarine_pkg/share/submarine_pkg/hook/ament_prefix_path.ps1'
[2.336s] INFO:colcon.colcon_core.shell:Creating environment descriptor '/home/suriya_prakash/task3_ws/install/submarine_pkg/share/submarine_pkg/hook/ament_prefix_path.dsv'
[2.338s] INFO:colcon.colcon_core.shell:Creating environment hook '/home/suriya_prakash/task3_ws/install/submarine_pkg/share/submarine_pkg/hook/ament_prefix_path.sh'
[2.340s] INFO:colcon.colcon_core.shell:Skip shell extension 'powershell' for command environment: Not usable outside of PowerShell
[2.340s] DEBUG:colcon.colcon_core.shell:Skip shell extension 'dsv' for command environment
[2.355s] DEBUG:colcon.colcon_core.event_handler.log_command:Invoking command in '/home/suriya_prakash/task3_ws/build/submarine_interfaces': CMAKE_PREFIX_PATH=${CMAKE_PREFIX_PATH}:/home/suriya_prakash/task3_ws/install/submarine_pkg:/home/suriya_prakash/task3_ws/install/sub_logic:/home/suriya_prakash/task3_ws/install/chat_pkg:/home/suriya_prakash/chat_ws/install/task2:/home/suriya_prakash/chat_ws/install/chat_pkg:/opt/ros/humble /usr/bin/cmake /home/suriya_prakash/task3_ws/src/submarine_interfaces -DAMENT_CMAKE_SYMLINK_INSTALL=1 -DCMAKE_INSTALL_PREFIX=/home/suriya_prakash/task3_ws/install/submarine_interfaces
[2.841s] INFO:colcon.colcon_core.task.python.build:Building Python package in '/home/suriya_prakash/task3_ws/src/submarine_pkg'
[2.842s] INFO:colcon.colcon_core.shell:Skip shell extension 'powershell' for command environment: Not usable outside of PowerShell
[2.842s] DEBUG:colcon.colcon_core.shell:Skip shell extension 'dsv' for command environment
[3.977s] DEBUG:colcon.colcon_core.event_handler.log_command:Invoking command in '/home/suriya_prakash/task3_ws/build/submarine_pkg': PYTHONPATH=/home/suriya_prakash/task3_ws/build/submarine_pkg/prefix_override:/usr/lib/python3/dist-packages/colcon_core/task/python/colcon_distutils_commands:/home/suriya_prakash/task3_ws/install/submarine_pkg/lib/python3.10/site-packages:${PYTHONPATH} /usr/bin/python3 -W ignore:setup.py install is deprecated -W ignore:easy_install command is deprecated setup.py develop --editable --build-directory /home/suriya_prakash/task3_ws/build/submarine_pkg/build --no-deps symlink_data
[4.832s] Level 1:colcon.colcon_core.shell:create_environment_hook('submarine_pkg', 'pythonpath_develop')
[4.833s] INFO:colcon.colcon_core.shell:Creating environment hook '/home/suriya_prakash/task3_ws/build/submarine_pkg/share/submarine_pkg/hook/pythonpath_develop.ps1'
[4.835s] DEBUG:colcon.colcon_core.event_handler.log_command:Invoked command in '/home/suriya_prakash/task3_ws/build/submarine_pkg' returned '0': PYTHONPATH=/home/suriya_prakash/task3_ws/build/submarine_pkg/prefix_override:/usr/lib/python3/dist-packages/colcon_core/task/python/colcon_distutils_commands:/home/suriya_prakash/task3_ws/install/submarine_pkg/lib/python3.10/site-packages:${PYTHONPATH} /usr/bin/python3 -W ignore:setup.py install is deprecated -W ignore:easy_install command is deprecated setup.py develop --editable --build-directory /home/suriya_prakash/task3_ws/build/submarine_pkg/build --no-deps symlink_data
[4.838s] INFO:colcon.colcon_core.shell:Creating environment descriptor '/home/suriya_prakash/task3_ws/build/submarine_pkg/share/submarine_pkg/hook/pythonpath_develop.dsv'
[4.839s] INFO:colcon.colcon_core.shell:Creating environment hook '/home/suriya_prakash/task3_ws/build/submarine_pkg/share/submarine_pkg/hook/pythonpath_develop.sh'
[4.854s] Level 1:colcon.colcon_core.environment:checking '/home/suriya_prakash/task3_ws/install/submarine_pkg' for CMake module files
[4.855s] Level 1:colcon.colcon_core.environment:checking '/home/suriya_prakash/task3_ws/install/submarine_pkg' for CMake config files
[4.856s] Level 1:colcon.colcon_core.environment:checking '/home/suriya_prakash/task3_ws/install/submarine_pkg/lib'
[4.857s] Level 1:colcon.colcon_core.environment:checking '/home/suriya_prakash/task3_ws/install/submarine_pkg/bin'
[4.857s] Level 1:colcon.colcon_core.environment:checking '/home/suriya_prakash/task3_ws/install/submarine_pkg/lib/pkgconfig/submarine_pkg.pc'
[4.858s] Level 1:colcon.colcon_core.environment:checking '/home/suriya_prakash/task3_ws/install/submarine_pkg/lib/python3.10/site-packages'
[4.858s] Level 1:colcon.colcon_core.shell:create_environment_hook('submarine_pkg', 'pythonpath')
[4.859s] INFO:colcon.colcon_core.shell:Creating environment hook '/home/suriya_prakash/task3_ws/install/submarine_pkg/share/submarine_pkg/hook/pythonpath.ps1'
[4.860s] INFO:colcon.colcon_core.shell:Creating environment descriptor '/home/suriya_prakash/task3_ws/install/submarine_pkg/share/submarine_pkg/hook/pythonpath.dsv'
[4.860s] INFO:colcon.colcon_core.shell:Creating environment hook '/home/suriya_prakash/task3_ws/install/submarine_pkg/share/submarine_pkg/hook/pythonpath.sh'
[4.861s] Level 1:colcon.colcon_core.environment:checking '/home/suriya_prakash/task3_ws/install/submarine_pkg/bin'
[4.861s] Level 1:colcon.colcon_core.environment:create_environment_scripts_only(submarine_pkg)
[4.862s] INFO:colcon.colcon_core.shell:Creating package script '/home/suriya_prakash/task3_ws/install/submarine_pkg/share/submarine_pkg/package.ps1'
[4.865s] INFO:colcon.colcon_core.shell:Creating package descriptor '/home/suriya_prakash/task3_ws/install/submarine_pkg/share/submarine_pkg/package.dsv'
[4.868s] INFO:colcon.colcon_core.shell:Creating package script '/home/suriya_prakash/task3_ws/install/submarine_pkg/share/submarine_pkg/package.sh'
[4.870s] INFO:colcon.colcon_core.shell:Creating package script '/home/suriya_prakash/task3_ws/install/submarine_pkg/share/submarine_pkg/package.bash'
[4.872s] INFO:colcon.colcon_core.shell:Creating package script '/home/suriya_prakash/task3_ws/install/submarine_pkg/share/submarine_pkg/package.zsh'
[4.873s] Level 1:colcon.colcon_core.environment:create_file_with_runtime_dependencies(/home/suriya_prakash/task3_ws/install/submarine_pkg/share/colcon-core/packages/submarine_pkg)
[18.091s] DEBUG:colcon.colcon_core.event_handler.log_command:Invoked command in '/home/suriya_prakash/task3_ws/build/submarine_interfaces' returned '0': CMAKE_PREFIX_PATH=${CMAKE_PREFIX_PATH}:/home/suriya_prakash/task3_ws/install/submarine_pkg:/home/suriya_prakash/task3_ws/install/sub_logic:/home/suriya_prakash/task3_ws/install/chat_pkg:/home/suriya_prakash/chat_ws/install/task2:/home/suriya_prakash/chat_ws/install/chat_pkg:/opt/ros/humble /usr/bin/cmake /home/suriya_prakash/task3_ws/src/submarine_interfaces -DAMENT_CMAKE_SYMLINK_INSTALL=1 -DCMAKE_INSTALL_PREFIX=/home/suriya_prakash/task3_ws/install/submarine_interfaces
[18.095s] DEBUG:colcon.colcon_core.event_handler.log_command:Invoking command in '/home/suriya_prakash/task3_ws/build/submarine_interfaces': CMAKE_PREFIX_PATH=${CMAKE_PREFIX_PATH}:/home/suriya_prakash/task3_ws/install/submarine_pkg:/home/suriya_prakash/task3_ws/install/sub_logic:/home/suriya_prakash/task3_ws/install/chat_pkg:/home/suriya_prakash/chat_ws/install/task2:/home/suriya_prakash/chat_ws/install/chat_pkg:/opt/ros/humble /usr/bin/cmake --build /home/suriya_prakash/task3_ws/build/submarine_interfaces -- -j12 -l12
[23.344s] DEBUG:colcon.colcon_core.event_handler.log_command:Invoked command in '/home/suriya_prakash/task3_ws/build/submarine_interfaces' returned '0': CMAKE_PREFIX_PATH=${CMAKE_PREFIX_PATH}:/home/suriya_prakash/task3_ws/install/submarine_pkg:/home/suriya_prakash/task3_ws/install/sub_logic:/home/suriya_prakash/task3_ws/install/chat_pkg:/home/suriya_prakash/chat_ws/install/task2:/home/suriya_prakash/chat_ws/install/chat_pkg:/opt/ros/humble /usr/bin/cmake --build /home/suriya_prakash/task3_ws/build/submarine_interfaces -- -j12 -l12
[23.373s] DEBUG:colcon.colcon_core.event_handler.log_command:Invoking command in '/home/suriya_prakash/task3_ws/build/submarine_interfaces': CMAKE_PREFIX_PATH=${CMAKE_PREFIX_PATH}:/home/suriya_prakash/task3_ws/install/submarine_pkg:/home/suriya_prakash/task3_ws/install/sub_logic:/home/suriya_prakash/task3_ws/install/chat_pkg:/home/suriya_prakash/chat_ws/install/task2:/home/suriya_prakash/chat_ws/install/chat_pkg:/opt/ros/humble /usr/bin/cmake --install /home/suriya_prakash/task3_ws/build/submarine_interfaces
[24.851s] Level 1:colcon.colcon_core.environment:create_environment_scripts_only(submarine_interfaces)
[24.852s] Level 1:colcon.colcon_core.environment:checking '/home/suriya_prakash/task3_ws/install/submarine_interfaces' for CMake module files
[24.854s] DEBUG:colcon.colcon_core.event_handler.log_command:Invoked command in '/home/suriya_prakash/task3_ws/build/submarine_interfaces' returned '0': CMAKE_PREFIX_PATH=${CMAKE_PREFIX_PATH}:/home/suriya_prakash/task3_ws/install/submarine_pkg:/home/suriya_prakash/task3_ws/install/sub_logic:/home/suriya_prakash/task3_ws/install/chat_pkg:/home/suriya_prakash/chat_ws/install/task2:/home/suriya_prakash/chat_ws/install/chat_pkg:/opt/ros/humble /usr/bin/cmake --install /home/suriya_prakash/task3_ws/build/submarine_interfaces
[24.855s] Level 1:colcon.colcon_core.environment:checking '/home/suriya_prakash/task3_ws/install/submarine_interfaces' for CMake config files
[24.857s] Level 1:colcon.colcon_core.shell:create_environment_hook('submarine_interfaces', 'cmake_prefix_path')
[24.858s] INFO:colcon.colcon_core.shell:Creating environment hook '/home/suriya_prakash/task3_ws/install/submarine_interfaces/share/submarine_interfaces/hook/cmake_prefix_path.ps1'
[24.859s] INFO:colcon.colcon_core.shell:Creating environment descriptor '/home/suriya_prakash/task3_ws/install/submarine_interfaces/share/submarine_interfaces/hook/cmake_prefix_path.dsv'
[24.860s] INFO:colcon.colcon_core.shell:Creating environment hook '/home/suriya_prakash/task3_ws/install/submarine_interfaces/share/submarine_interfaces/hook/cmake_prefix_path.sh'
[24.861s] Level 1:colcon.colcon_core.environment:checking '/home/suriya_prakash/task3_ws/install/submarine_interfaces/lib'
[24.861s] Level 1:colcon.colcon_core.shell:create_environment_hook('submarine_interfaces', 'ld_library_path_lib')
[24.862s] INFO:colcon.colcon_core.shell:Creating environment hook '/home/suriya_prakash/task3_ws/install/submarine_interfaces/share/submarine_interfaces/hook/ld_library_path_lib.ps1'
[24.864s] INFO:colcon.colcon_core.shell:Creating environment descriptor '/home/suriya_prakash/task3_ws/install/submarine_interfaces/share/submarine_interfaces/hook/ld_library_path_lib.dsv'
[24.865s] INFO:colcon.colcon_core.shell:Creating environment hook '/home/suriya_prakash/task3_ws/install/submarine_interfaces/share/submarine_interfaces/hook/ld_library_path_lib.sh'
[24.866s] Level 1:colcon.colcon_core.environment:checking '/home/suriya_prakash/task3_ws/install/submarine_interfaces/bin'
[24.866s] Level 1:colcon.colcon_core.environment:checking '/home/suriya_prakash/task3_ws/install/submarine_interfaces/lib/pkgconfig/submarine_interfaces.pc'
[24.867s] Level 1:colcon.colcon_core.environment:checking '/home/suriya_prakash/task3_ws/install/submarine_interfaces/lib/python3.10/site-packages'
[24.868s] Level 1:colcon.colcon_core.environment:checking '/home/suriya_prakash/task3_ws/install/submarine_interfaces/bin'
[24.869s] INFO:colcon.colcon_core.shell:Creating package script '/home/suriya_prakash/task3_ws/install/submarine_interfaces/share/submarine_interfaces/package.ps1'
[24.870s] INFO:colcon.colcon_core.shell:Creating package descriptor '/home/suriya_prakash/task3_ws/install/submarine_interfaces/share/submarine_interfaces/package.dsv'
[24.873s] INFO:colcon.colcon_core.shell:Creating package script '/home/suriya_prakash/task3_ws/install/submarine_interfaces/share/submarine_interfaces/package.sh'
[24.874s] INFO:colcon.colcon_core.shell:Creating package script '/home/suriya_prakash/task3_ws/install/submarine_interfaces/share/submarine_interfaces/package.bash'
[24.875s] INFO:colcon.colcon_core.shell:Creating package script '/home/suriya_prakash/task3_ws/install/submarine_interfaces/share/submarine_interfaces/package.zsh'
[24.875s] Level 1:colcon.colcon_core.environment:create_file_with_runtime_dependencies(/home/suriya_prakash/task3_ws/install/submarine_interfaces/share/colcon-core/packages/submarine_interfaces)
[24.878s] Level 1:colcon.colcon_core.environment:create_environment_scripts_only(submarine_interfaces)
[24.879s] Level 1:colcon.colcon_core.environment:checking '/home/suriya_prakash/task3_ws/install/submarine_interfaces' for CMake module files
[24.882s] Level 1:colcon.colcon_core.environment:checking '/home/suriya_prakash/task3_ws/install/submarine_interfaces' for CMake config files
[24.883s] Level 1:colcon.colcon_core.shell:create_environment_hook('submarine_interfaces', 'cmake_prefix_path')
[24.884s] INFO:colcon.colcon_core.shell:Creating environment hook '/home/suriya_prakash/task3_ws/install/submarine_interfaces/share/submarine_interfaces/hook/cmake_prefix_path.ps1'
[24.886s] INFO:colcon.colcon_core.shell:Creating environment descriptor '/home/suriya_prakash/task3_ws/install/submarine_interfaces/share/submarine_interfaces/hook/cmake_prefix_path.dsv'
[24.888s] INFO:colcon.colcon_core.shell:Creating environment hook '/home/suriya_prakash/task3_ws/install/submarine_interfaces/share/submarine_interfaces/hook/cmake_prefix_path.sh'
[24.890s] Level 1:colcon.colcon_core.environment:checking '/home/suriya_prakash/task3_ws/install/submarine_interfaces/lib'
[24.891s] Level 1:colcon.colcon_core.shell:create_environment_hook('submarine_interfaces', 'ld_library_path_lib')
[24.892s] INFO:colcon.colcon_core.shell:Creating environment hook '/home/suriya_prakash/task3_ws/install/submarine_interfaces/share/submarine_interfaces/hook/ld_library_path_lib.ps1'
[24.893s] INFO:colcon.colcon_core.shell:Creating environment descriptor '/home/suriya_prakash/task3_ws/install/submarine_interfaces/share/submarine_interfaces/hook/ld_library_path_lib.dsv'
[24.894s] INFO:colcon.colcon_core.shell:Creating environment hook '/home/suriya_prakash/task3_ws/install/submarine_interfaces/share/submarine_interfaces/hook/ld_library_path_lib.sh'
[24.896s] Level 1:colcon.colcon_core.environment:checking '/home/suriya_prakash/task3_ws/install/submarine_interfaces/bin'
[24.896s] Level 1:colcon.colcon_core.environment:checking '/home/suriya_prakash/task3_ws/install/submarine_interfaces/lib/pkgconfig/submarine_interfaces.pc'
[24.897s] Level 1:colcon.colcon_core.environment:checking '/home/suriya_prakash/task3_ws/install/submarine_interfaces/lib/python3.10/site-packages'
[24.898s] Level 1:colcon.colcon_core.environment:checking '/home/suriya_prakash/task3_ws/install/submarine_interfaces/bin'
[24.899s] INFO:colcon.colcon_core.shell:Creating package script '/home/suriya_prakash/task3_ws/install/submarine_interfaces/share/submarine_interfaces/package.ps1'
[24.904s] INFO:colcon.colcon_core.shell:Creating package descriptor '/home/suriya_prakash/task3_ws/install/submarine_interfaces/share/submarine_interfaces/package.dsv'
[24.906s] INFO:colcon.colcon_core.shell:Creating package script '/home/suriya_prakash/task3_ws/install/submarine_interfaces/share/submarine_interfaces/package.sh'
[24.908s] INFO:colcon.colcon_core.shell:Creating package script '/home/suriya_prakash/task3_ws/install/submarine_interfaces/share/submarine_interfaces/package.bash'
[24.910s] INFO:colcon.colcon_core.shell:Creating package script '/home/suriya_prakash/task3_ws/install/submarine_interfaces/share/submarine_interfaces/package.zsh'
[24.911s] Level 1:colcon.colcon_core.environment:create_file_with_runtime_dependencies(/home/suriya_prakash/task3_ws/install/submarine_interfaces/share/colcon-core/packages/submarine_interfaces)
[24.914s] DEBUG:colcon.colcon_parallel_executor.executor.parallel:closing loop
[24.916s] DEBUG:colcon.colcon_parallel_executor.executor.parallel:loop closed
[24.916s] DEBUG:colcon.colcon_parallel_executor.executor.parallel:run_until_complete finished with '0'
[24.916s] DEBUG:colcon.colcon_core.event_reactor:joining thread
[25.523s] INFO:colcon.colcon_core.plugin_system:Skipping extension 'colcon_notification.desktop_notification.notify_send': Could not find 'notify-send'
[25.524s] INFO:colcon.colcon_core.plugin_system:Skipping extension 'colcon_notification.desktop_notification.terminal_notifier': Not used on non-Darwin systems
[25.524s] INFO:colcon.colcon_core.plugin_system:Skipping extension 'colcon_notification.desktop_notification.win32': Not used on non-Windows systems
[25.524s] INFO:colcon.colcon_notification.desktop_notification:Sending desktop notification using 'notify2'
[25.571s] DEBUG:colcon.colcon_notification.desktop_notification.notify2:Failed to initialize notify2: org.freedesktop.DBus.Error.ServiceUnknown: The name org.freedesktop.Notifications was not provided by any .service files
[25.571s] DEBUG:colcon.colcon_core.event_reactor:joined thread
[25.572s] INFO:colcon.colcon_core.shell:Creating prefix script '/home/suriya_prakash/task3_ws/install/local_setup.ps1'
[25.575s] INFO:colcon.colcon_core.shell:Creating prefix util module '/home/suriya_prakash/task3_ws/install/_local_setup_util_ps1.py'
[25.578s] INFO:colcon.colcon_core.shell:Creating prefix chain script '/home/suriya_prakash/task3_ws/install/setup.ps1'
[25.582s] INFO:colcon.colcon_core.shell:Creating prefix script '/home/suriya_prakash/task3_ws/install/local_setup.sh'
[25.584s] INFO:colcon.colcon_core.shell:Creating prefix util module '/home/suriya_prakash/task3_ws/install/_local_setup_util_sh.py'
[25.586s] INFO:colcon.colcon_core.shell:Creating prefix chain script '/home/suriya_prakash/task3_ws/install/setup.sh'
[25.589s] INFO:colcon.colcon_core.shell:Creating prefix script '/home/suriya_prakash/task3_ws/install/local_setup.bash'
[25.592s] INFO:colcon.colcon_core.shell:Creating prefix chain script '/home/suriya_prakash/task3_ws/install/setup.bash'
[25.596s] INFO:colcon.colcon_core.shell:Creating prefix script '/home/suriya_prakash/task3_ws/install/local_setup.zsh'
[25.599s] INFO:colcon.colcon_core.shell:Creating prefix chain script '/home/suriya_prakash/task3_ws/install/setup.zsh'
